INFO: Found elm at /home/adroit/node_modules/.bin/elm
INFO: Found elm 0.19.0
INFO: Found elm-format at /home/adroit/node_modules/.bin/elm-format
INFO: Found elm-format 0.8.1
INFO: Cleaning ./elm-stuff before upgrading
INFO: Converting elm-package.json -> elm.json
INFO: Detected an application project (this project has no exposed modules)
INFO: Switching from NoRedInk/elm-decode-pipeline (deprecated) to NoRedInk/elm-json-decode-pipeline
INFO: Installing latest version of NoRedInk/elm-json-decode-pipeline
WARNING: alpacaaa/elm-date-distance has not been upgraded to 0.19 yet!
INFO: Installing latest version of elm-community/json-extra
INFO: Switching from elm-lang/core (deprecated) to elm/core
INFO: Installing latest version of elm/core
INFO: Detected use of elm-lang/core#Json.Decode; installing elm/json
INFO: Detected use of elm-lang/core#Time; installing elm/time
INFO: Switching from elm-lang/dom (deprecated) to elm/browser
INFO: Installing latest version of elm/browser
INFO: Switching from elm-lang/html (deprecated) to elm/html
INFO: Installing latest version of elm/html
INFO: Switching from elm-lang/virtual-dom (deprecated) to elm/virtual-dom
INFO: Installing latest version of elm/virtual-dom
WARNING: justinmimbs/elm-date-extra has not been upgraded to 0.19 yet!
INFO: Installing latest version of rtfeldman/elm-css
INFO: Upgrading *.elm files in ./


SUCCESS! Your project's dependencies and code have been upgraded.
However, your project may not yet compile due to API changes in your
dependencies.

See <https://github.com/elm/compiler/blob/master/upgrade-docs/0.19.md>
and the documentation for your dependencies for more information.

WARNING! 2 of your dependencies have not yet been upgraded to
support Elm 0.19.
  - https://github.com/alpacaaa/elm-date-distance
  - https://github.com/justinmimbs/elm-date-extra

Here are some common upgrade steps that you will need to do manually:

- NoRedInk/elm-json-decode-pipeline
  - [ ] Changes uses of Json.Decode.Pipeline.decode to Json.Decode.succeed
- elm/core
  - [ ] Replace uses of toString with String.fromInt, String.fromFloat, or Debug.toString as appropriate
- undefined
  - [ ] Read the new documentation here: https://package.elm-lang.org/packages/elm/time/latest/
  - [ ] Replace uses of Date and Time with Time.Posix
- elm/html
  - [ ] If you used Html.program*, install elm/browser and switch to Browser.element or Browser.document
  - [ ] If you used Html.beginnerProgram, install elm/browser and switch Browser.sandbox

